2026-01-01 20:01:45,910 - INFO - Creating backup: C:\Projects\Production_management\Production_Operations_Dashboard\data\v39_Normalized_Styled_backup_before_coloring.xlsx
2026-01-01 20:01:45,913 - INFO - Backup created successfully
2026-01-01 20:01:45,913 - INFO - 
2026-01-01 20:01:45,913 - INFO - ============================================================
2026-01-01 20:01:45,914 - INFO - Starting Worksheet Coloring Process
2026-01-01 20:01:45,914 - INFO - ============================================================
2026-01-01 20:01:45,914 - INFO - Loading workbook: C:\Projects\Production_management\Production_Operations_Dashboard\data\v39_Normalized_Styled.xlsx
2026-01-01 20:01:46,419 - INFO - Loaded 16 worksheets
2026-01-01 20:01:46,420 - INFO - ============================================================
2026-01-01 20:01:46,420 - INFO - Coloring worksheets by data flow stages
2026-01-01 20:01:46,420 - INFO - ============================================================
2026-01-01 20:01:46,420 - INFO -   [主数据层    ] 00_SKU_Master        => #4472C4
2026-01-01 20:01:46,420 - INFO -   [订单层     ] 01_Cages_Plan        => #70AD47
2026-01-01 20:01:46,420 - INFO -   [订单层     ] 02_TrayPack_Order    => #70AD47
2026-01-01 20:01:46,420 - INFO -   [订单层     ] 03_BulkPack_Order    => #70AD47
2026-01-01 20:01:46,420 - INFO -   [订单层     ] 04_Bagging_Order     => #70AD47
2026-01-01 20:01:46,421 - INFO -   [订单层     ] 05_Daily_Orders      => #70AD47
2026-01-01 20:01:46,421 - INFO -   [订单层     ] 06_Resource_Plan     => #70AD47
2026-01-01 20:01:46,421 - INFO -   [计算层     ] 07_Labor_Calc        => #FFC000
2026-01-01 20:01:46,421 - INFO -   [计算层     ] 08_Chart_Data        => #FFC000
2026-01-01 20:01:46,421 - INFO -   [其他/隐藏   ] 09_Pallet_Space      => #A5A5A5
2026-01-01 20:01:46,421 - INFO -   [其他/隐藏   ] 10_Cone_Line         => #A5A5A5
2026-01-01 20:01:46,421 - INFO -   [分析层     ] 00_Yield_Rates       => #7030A0
2026-01-01 20:01:46,421 - INFO -   [分析层     ] 12_Executive_Dash    => #7030A0
2026-01-01 20:01:46,421 - INFO -   [分析层     ] 13_Progress_Track    => #7030A0
2026-01-01 20:01:46,421 - INFO -   [其他/隐藏   ] 14_Weekly_Plan       => #A5A5A5
2026-01-01 20:01:46,421 - INFO -   [其他/隐藏   ] 15_5Day_Forecast     => #A5A5A5
2026-01-01 20:01:46,422 - INFO - ============================================================
2026-01-01 20:01:46,422 - INFO - Coloring Summary:
2026-01-01 20:01:46,422 - INFO -   - Total worksheets: 16
2026-01-01 20:01:46,422 - INFO -   - Colored: 16
2026-01-01 20:01:46,422 - INFO -   - Unclassified: 0
2026-01-01 20:01:46,422 - INFO - ============================================================
2026-01-01 20:01:46,423 - INFO - 
2026-01-01 20:01:46,423 - INFO - ============================================================
2026-01-01 20:01:46,423 - INFO - Color Legend - Data Flow Stages
2026-01-01 20:01:46,423 - INFO - ============================================================
2026-01-01 20:01:46,423 - INFO - 
  蓝色 #4472C4
2026-01-01 20:01:46,423 - INFO -   -------------------------------------------------------
2026-01-01 20:01:46,423 - INFO -     • 00_SKU_Master - 主数据、产品信息参考
2026-01-01 20:01:46,424 - INFO - 
  绿色 #70AD47
2026-01-01 20:01:46,424 - INFO -   -------------------------------------------------------
2026-01-01 20:01:46,424 - INFO -     • 01_Cages_Plan - 笼子计划
2026-01-01 20:01:46,424 - INFO -     • 02_TrayPack_Order - 托盘包装订单
2026-01-01 20:01:46,424 - INFO -     • 03_BulkPack_Order - 散装订单
2026-01-01 20:01:46,424 - INFO -     • 04_Bagging_Order - 装袋订单
2026-01-01 20:01:46,424 - INFO -     • 05_Daily_Orders - 每日订单（核心输入）
2026-01-01 20:01:46,424 - INFO -     • 06_Resource_Plan - 原料/资源计划
2026-01-01 20:01:46,424 - INFO - 
  黄色 #FFC000
2026-01-01 20:01:46,424 - INFO -   -------------------------------------------------------
2026-01-01 20:01:46,424 - INFO -     • 07_Labor_Calc - 工时计算、劳动成本
2026-01-01 20:01:46,425 - INFO -     • 08_Chart_Data - 图表数据中间层
2026-01-01 20:01:46,425 - INFO - 
  紫色 #7030A0
2026-01-01 20:01:46,425 - INFO -   -------------------------------------------------------
2026-01-01 20:01:46,426 - INFO -     • 00_Yield_Rates - 产率监控（Yield警告）
2026-01-01 20:01:46,426 - INFO -     • 12_Executive_Dash - 执行仪表板（主要输出）
2026-01-01 20:01:46,426 - INFO -     • 13_Progress_Track - 进度追踪
2026-01-01 20:01:46,426 - INFO - 
  灰色 #A5A5A5
2026-01-01 20:01:46,426 - INFO -   -------------------------------------------------------
2026-01-01 20:01:46,426 - INFO -     • 09_Pallet_Space - 托盘空间
2026-01-01 20:01:46,426 - INFO -     • 10_Cone_Line - 锥形线
2026-01-01 20:01:46,426 - INFO -     • 14_Weekly_Plan - 周计划
2026-01-01 20:01:46,426 - INFO -     • 15_5Day_Forecast - 5日预测
2026-01-01 20:01:46,427 - INFO - 
============================================================
2026-01-01 20:01:46,427 - INFO - ============================================================
2026-01-01 20:01:46,427 - INFO - Coloring process completed successfully
2026-01-01 20:01:46,427 - INFO - ============================================================
2026-01-01 20:01:46,428 - INFO - Saving workbook to: C:\Projects\Production_management\Production_Operations_Dashboard\data\v39_Normalized_Colored.xlsx
2026-01-01 20:01:47,546 - INFO - Workbook saved successfully
2026-01-01 20:01:47,546 - INFO - 
2026-01-01 20:01:47,546 - INFO - ============================================================
2026-01-01 20:01:47,546 - INFO - FINAL SUMMARY
2026-01-01 20:01:47,546 - INFO - ============================================================
2026-01-01 20:01:47,546 - INFO - Input file:  C:\Projects\Production_management\Production_Operations_Dashboard\data\v39_Normalized_Styled.xlsx
2026-01-01 20:01:47,547 - INFO - Output file: C:\Projects\Production_management\Production_Operations_Dashboard\data\v39_Normalized_Colored.xlsx
2026-01-01 20:01:47,547 - INFO - 
2026-01-01 20:01:47,547 - INFO - Worksheets are now colored by data flow stages!
2026-01-01 20:01:47,547 - INFO - 
2026-01-01 20:01:47,547 - INFO - Color mapping:
2026-01-01 20:01:47,547 - INFO -   Blue   → Master Data (主数据)
2026-01-01 20:01:47,547 - INFO -   Green  → Order Data (订单层)
2026-01-01 20:01:47,547 - INFO -   Yellow → Calculation (计算层)
2026-01-01 20:01:47,547 - INFO -   Purple → Analytics/Dashboard (分析层)
2026-01-01 20:01:47,547 - INFO -   Gray   → Other/Hidden (其他)
2026-01-01 20:01:47,547 - INFO - 
2026-01-01 20:01:47,547 - INFO - ============================================================
