2026-01-01 20:38:43,409 - INFO - ======================================================================
2026-01-01 20:38:43,409 - INFO - 开始 Dashboard 增强流程
2026-01-01 20:38:43,409 - INFO - ======================================================================
2026-01-01 20:38:43,409 - INFO - 加载工作簿: C:\Projects\Production_management\Production_Operations_Dashboard\data\v39_Normalized_Colored.xlsx
2026-01-01 20:38:43,904 - INFO - 工作表加载完成: 12_Executive_Dash
2026-01-01 20:38:43,904 - INFO - 创建备份: C:\Projects\Production_management\Production_Operations_Dashboard\data\v39_Normalized_Colored_backup_before_dashboard.xlsx
2026-01-01 20:38:43,906 - INFO - 备份创建成功
2026-01-01 20:38:43,907 - INFO - 开始添加 KPI 指标...
2026-01-01 20:38:43,912 - INFO - KPI 指标添加完成: 6 个指标
2026-01-01 20:38:43,913 - INFO - 创建生产完成度图表...
2026-01-01 20:38:43,914 - INFO - 生产完成度图表创建完成
2026-01-01 20:38:43,914 - INFO - 创建客户分布图表...
2026-01-01 20:38:43,914 - INFO - 客户分布图表创建完成
2026-01-01 20:38:43,915 - INFO - 创建员工缺口图表...
2026-01-01 20:38:43,915 - INFO - 员工缺口图表创建完成
2026-01-01 20:38:43,915 - INFO - 应用条件格式...
2026-01-01 20:38:43,915 - INFO -   应用规则1：完成率着色
2026-01-01 20:38:43,916 - INFO -   应用规则2：员工到岗率警告
2026-01-01 20:38:43,916 - INFO -   应用规则3：产量数据条
2026-01-01 20:38:43,916 - INFO - 条件格式应用完成
2026-01-01 20:38:43,916 - INFO - 验证公式...
2026-01-01 20:38:43,918 - INFO - ✓ 所有公式验证通过
2026-01-01 20:38:43,918 - INFO - 保存工作簿: C:\Projects\Production_management\Production_Operations_Dashboard\data\v39_Dashboard_Enhanced.xlsx
2026-01-01 20:38:45,014 - INFO - 工作簿保存成功
2026-01-01 20:38:45,014 - INFO - ======================================================================
2026-01-01 20:38:45,014 - INFO - ✅ Dashboard 增强流程完成成功
2026-01-01 20:38:45,014 - INFO - ======================================================================
2026-01-01 20:38:45,014 - INFO - 
2026-01-01 20:38:45,014 - INFO - ======================================================================
2026-01-01 20:38:45,014 - INFO - 最终摘要
2026-01-01 20:38:45,014 - INFO - ======================================================================
2026-01-01 20:38:45,014 - INFO - 输入文件: C:\Projects\Production_management\Production_Operations_Dashboard\data\v39_Normalized_Colored.xlsx
2026-01-01 20:38:45,014 - INFO - 输出文件: C:\Projects\Production_management\Production_Operations_Dashboard\data\v39_Dashboard_Enhanced.xlsx
2026-01-01 20:38:45,015 - INFO - 备份文件: C:\Projects\Production_management\Production_Operations_Dashboard\data\v39_Normalized_Colored_backup_before_dashboard.xlsx
2026-01-01 20:38:45,015 - INFO - 
2026-01-01 20:38:45,015 - INFO - 已添加功能:
2026-01-01 20:38:45,015 - INFO -   ✓ 6 个 KPI 指标
2026-01-01 20:38:45,015 - INFO -   ✓ 3 个可视化图表
2026-01-01 20:38:45,015 - INFO -   ✓ 3 类条件格式规则
2026-01-01 20:38:45,015 - INFO - 
2026-01-01 20:38:45,015 - INFO - ======================================================================
