[2026-01-02 06:50:58] ============================================================
[2026-01-02 06:50:58] Fix Conversion Logic - Start
[2026-01-02 06:50:58] ============================================================
[2026-01-02 06:50:58] Backup created: Production_Operations_Dashboard/data/v39_Dashboard_Enhanced_backup_before_fix_20260102_065058.xlsx
[2026-01-02 06:50:58] Loading workbook: Production_Operations_Dashboard/data/v39_Dashboard_Enhanced.xlsx
[2026-01-02 06:50:58] 05_Daily_Orders: 328 rows, adding conversion columns N-S
[2026-01-02 06:50:58]   Added header N1: Product_Group
[2026-01-02 06:50:58]   Added header O1: Avg_Case_Weight
[2026-01-02 06:50:58]   Added header P1: Yield_Rate
[2026-01-02 06:50:58]   Added header Q1: WIP_kg
[2026-01-02 06:50:58]   Added header R1: Raw_kg_Needed
[2026-01-02 06:50:58]   Added header S1: Cages_Needed
[2026-01-02 06:50:59]   Added 1962 formulas to 05_Daily_Orders (rows 2-328)
[2026-01-02 06:50:59] Fixing 14_Production_Planning aggregation logic...
[2026-01-02 06:50:59]   Fixed TrayPack row (Row 6)
[2026-01-02 06:50:59]   Updated BulkPack row (Row 7) - needs 10_Cone_Line structure check
[2026-01-02 06:50:59]   Updated Bagging row (Row 8)
[2026-01-02 06:50:59]   Updated totals row (Row 9)
[2026-01-02 06:50:59] Verifying formulas...
[2026-01-02 06:50:59]   05_Daily_Orders: Formulas added to columns N-S
[2026-01-02 06:50:59]   14_Production_Planning!C6: =IF(B6>0,SUMPRODUCT(('05_Daily_Orders'!$M$2:$M$328>0)*('05_D...
[2026-01-02 06:50:59]   14_Production_Planning!E6: =IF(B6>0,SUMPRODUCT(('05_Daily_Orders'!$M$2:$M$328>0)*('05_D...
[2026-01-02 06:50:59]   14_Production_Planning!F6: =SUMIF('05_Daily_Orders'!$M$2:$M$328,">0",'05_Daily_Orders'!...
[2026-01-02 06:50:59]   14_Production_Planning!G6: =SUMIF('05_Daily_Orders'!$M$2:$M$328,">0",'05_Daily_Orders'!...
[2026-01-02 06:50:59]   14_Production_Planning!C7: =AVERAGE('00_SKU_Master'!F:F)...
[2026-01-02 06:50:59]   14_Production_Planning!E7: =AVERAGE('00_Yield_Rates'!E:E)/100...
[2026-01-02 06:50:59]   14_Production_Planning!F7: =IF(E7>0,D7/E7,0)...
[2026-01-02 06:50:59]   14_Production_Planning!G7: =IF(F7>0,ROUNDUP(F7/680,1),0)...
[2026-01-02 06:50:59]   14_Production_Planning!C8: =AVERAGE('00_SKU_Master'!F:F)...
[2026-01-02 06:50:59]   14_Production_Planning!E8: =AVERAGE('00_Yield_Rates'!E:E)/100...
[2026-01-02 06:50:59]   14_Production_Planning!F8: =IF(E8>0,D8/E8,0)...
[2026-01-02 06:50:59]   14_Production_Planning!G8: =IF(F8>0,ROUNDUP(F8/680,1),0)...
[2026-01-02 06:50:59]   14_Production_Planning!G9: =SUM(G6:G8)...
[2026-01-02 06:50:59] Saving workbook: Production_Operations_Dashboard/data/v39_Dashboard_Enhanced.xlsx
[2026-01-02 06:51:00] ============================================================
[2026-01-02 06:51:00] Fix Conversion Logic - Complete
[2026-01-02 06:51:00] Total formulas added: 1962
[2026-01-02 06:51:00] Backup file: Production_Operations_Dashboard/data/v39_Dashboard_Enhanced_backup_before_fix_20260102_065058.xlsx
[2026-01-02 06:51:00] Log file: Production_Operations_Dashboard/logs/fix_conversion_logic_20260102_065058.log
[2026-01-02 06:51:00] ============================================================
