2026-01-01 19:56:04,734 - INFO - Creating backup: C:\Projects\Production_management\Production_Operations_Dashboard\data\v39_Normalized_backup_before_styling.xlsx
2026-01-01 19:56:04,736 - INFO - Backup created successfully
2026-01-01 19:56:04,737 - INFO - ============================================================
2026-01-01 19:56:04,737 - INFO - Starting 12_Executive_Dash Styling Process
2026-01-01 19:56:04,737 - INFO - ============================================================
2026-01-01 19:56:04,737 - INFO - Loading workbook: C:\Projects\Production_management\Production_Operations_Dashboard\data\v39_Normalized.xlsx
2026-01-01 19:56:05,266 - INFO - Loaded worksheet: 12_Executive_Dash (568 rows x 24 cols)
2026-01-01 19:56:05,267 - INFO - Applying header styling (Row 2)...
2026-01-01 19:56:05,267 - INFO -   Merged cells: B2:D2
2026-01-01 19:56:05,267 - INFO -   Styled header: B2 = 'Cut up'
2026-01-01 19:56:05,268 - INFO -   Merged cells: E2:G2
2026-01-01 19:56:05,268 - INFO -   Styled header: E2 = 'Tray pack'
2026-01-01 19:56:05,269 - INFO -   Merged cells: H2:J2
2026-01-01 19:56:05,269 - INFO -   Styled header: H2 = 'Bagging'
2026-01-01 19:56:05,269 - INFO -   Styled header: L2 = 'Total Request'
2026-01-01 19:56:05,270 - INFO -   Styled header: M2 = 'IN'
2026-01-01 19:56:05,270 - INFO - Header styling completed
2026-01-01 19:56:05,270 - INFO - Applying sub-header styling (Row 3)...
2026-01-01 19:56:05,273 - INFO - Sub-header styling completed
2026-01-01 19:56:05,273 - INFO - Applying data area styling (Rows 4-568)...
2026-01-01 19:56:05,273 - INFO -   Styling columns B-D with color E9ECEF...
2026-01-01 19:56:05,763 - INFO -   Columns B-D styled (1695 cells)
2026-01-01 19:56:05,763 - INFO -   Styling columns E-G with color F8F9FA...
2026-01-01 19:56:06,177 - INFO -   Columns E-G styled (1695 cells)
2026-01-01 19:56:06,178 - INFO -   Styling columns H-J with color E9ECEF...
2026-01-01 19:56:06,608 - INFO -   Columns H-J styled (1695 cells)
2026-01-01 19:56:06,608 - INFO -   Styling columns K-M with color DEE2E6...
2026-01-01 19:56:07,062 - INFO -   Columns K-M styled (1695 cells)
2026-01-01 19:56:07,062 - INFO - Data area styling completed (6780 cells)
2026-01-01 19:56:07,062 - INFO - Optimizing column widths...
2026-01-01 19:56:07,063 - INFO -   Column B: width = 17
2026-01-01 19:56:07,063 - INFO -   Column C: width = 25
2026-01-01 19:56:07,064 - INFO -   Column D: width = 12
2026-01-01 19:56:07,065 - INFO -   Column E: width = 13
2026-01-01 19:56:07,065 - INFO -   Column F: width = 25
2026-01-01 19:56:07,066 - INFO -   Column G: width = 12
2026-01-01 19:56:07,067 - INFO -   Column H: width = 13
2026-01-01 19:56:07,067 - INFO -   Column I: width = 25
2026-01-01 19:56:07,068 - INFO -   Column J: width = 12
2026-01-01 19:56:07,069 - INFO -   Column K: width = 25
2026-01-01 19:56:07,069 - INFO -   Column L: width = 15
2026-01-01 19:56:07,070 - INFO -   Column M: width = 12
2026-01-01 19:56:07,070 - INFO - Column width optimization completed
2026-01-01 19:56:07,070 - INFO - Validating formulas...
2026-01-01 19:56:07,085 - INFO - Validation completed: 20 formulas, 0 errors
2026-01-01 19:56:07,085 - INFO - ============================================================
2026-01-01 19:56:07,085 - INFO - Styling process completed successfully
2026-01-01 19:56:07,085 - INFO - ============================================================
2026-01-01 19:56:07,085 - INFO - Saving workbook to: C:\Projects\Production_management\Production_Operations_Dashboard\data\v39_Normalized_Styled.xlsx
2026-01-01 19:56:08,278 - INFO - Workbook saved successfully
2026-01-01 19:56:08,278 - INFO - 
2026-01-01 19:56:08,278 - INFO - ============================================================
2026-01-01 19:56:08,278 - INFO - SUMMARY
2026-01-01 19:56:08,278 - INFO - ============================================================
2026-01-01 19:56:08,278 - INFO - Input file:  C:\Projects\Production_management\Production_Operations_Dashboard\data\v39_Normalized.xlsx
2026-01-01 19:56:08,279 - INFO - Output file: C:\Projects\Production_management\Production_Operations_Dashboard\data\v39_Normalized_Styled.xlsx
2026-01-01 19:56:08,279 - INFO - Backup file: C:\Projects\Production_management\Production_Operations_Dashboard\data\v39_Normalized_backup_before_styling.xlsx
2026-01-01 19:56:08,279 - INFO - 
2026-01-01 19:56:08,279 - INFO - Styling applied successfully!
2026-01-01 19:56:08,279 - INFO - ============================================================
